{"total": {"lines":{"total":492,"covered":457,"skipped":0,"pct":92.88},"statements":{"total":495,"covered":460,"skipped":0,"pct":92.92},"functions":{"total":115,"covered":109,"skipped":0,"pct":94.78},"branches":{"total":76,"covered":62,"skipped":0,"pct":81.57},"branchesTrue":{"total":0,"covered":0,"skipped":0,"pct":100}}
,"C:\\nextapp\\backend\\src\\modules\\user\\src\\application\\rest\\index.ts": {"lines":{"total":31,"covered":27,"skipped":0,"pct":87.09},"functions":{"total":5,"covered":5,"skipped":0,"pct":100},"statements":{"total":31,"covered":27,"skipped":0,"pct":87.09},"branches":{"total":6,"covered":4,"skipped":0,"pct":66.66}}
,"C:\\nextapp\\backend\\src\\modules\\user\\src\\application\\rest\\utils.ts": {"lines":{"total":25,"covered":21,"skipped":0,"pct":84},"functions":{"total":5,"covered":5,"skipped":0,"pct":100},"statements":{"total":26,"covered":22,"skipped":0,"pct":84.61},"branches":{"total":2,"covered":1,"skipped":0,"pct":50}}
,"C:\\nextapp\\backend\\src\\modules\\user\\src\\application\\rest\\routes\\auth.ts": {"lines":{"total":20,"covered":18,"skipped":0,"pct":90},"functions":{"total":3,"covered":2,"skipped":0,"pct":66.66},"statements":{"total":20,"covered":18,"skipped":0,"pct":90},"branches":{"total":4,"covered":2,"skipped":0,"pct":50}}
,"C:\\nextapp\\backend\\src\\modules\\user\\src\\application\\rest\\routes\\user.ts": {"lines":{"total":49,"covered":49,"skipped":0,"pct":100},"functions":{"total":11,"covered":11,"skipped":0,"pct":100},"statements":{"total":49,"covered":49,"skipped":0,"pct":100},"branches":{"total":0,"covered":0,"skipped":0,"pct":100}}
,"C:\\nextapp\\backend\\src\\modules\\user\\src\\domain\\errors\\index.ts": {"lines":{"total":47,"covered":43,"skipped":0,"pct":91.48},"functions":{"total":19,"covered":14,"skipped":0,"pct":73.68},"statements":{"total":48,"covered":44,"skipped":0,"pct":91.66},"branches":{"total":4,"covered":4,"skipped":0,"pct":100}}
,"C:\\nextapp\\backend\\src\\modules\\user\\src\\domain\\models\\auth.ts": {"lines":{"total":17,"covered":16,"skipped":0,"pct":94.11},"functions":{"total":7,"covered":7,"skipped":0,"pct":100},"statements":{"total":17,"covered":16,"skipped":0,"pct":94.11},"branches":{"total":0,"covered":0,"skipped":0,"pct":100}}
,"C:\\nextapp\\backend\\src\\modules\\user\\src\\domain\\models\\credentials.ts": {"lines":{"total":19,"covered":19,"skipped":0,"pct":100},"functions":{"total":8,"covered":8,"skipped":0,"pct":100},"statements":{"total":19,"covered":19,"skipped":0,"pct":100},"branches":{"total":2,"covered":2,"skipped":0,"pct":100}}
,"C:\\nextapp\\backend\\src\\modules\\user\\src\\domain\\models\\email.ts": {"lines":{"total":9,"covered":9,"skipped":0,"pct":100},"functions":{"total":3,"covered":3,"skipped":0,"pct":100},"statements":{"total":9,"covered":9,"skipped":0,"pct":100},"branches":{"total":1,"covered":1,"skipped":0,"pct":100}}
,"C:\\nextapp\\backend\\src\\modules\\user\\src\\domain\\models\\search.ts": {"lines":{"total":20,"covered":20,"skipped":0,"pct":100},"functions":{"total":2,"covered":2,"skipped":0,"pct":100},"statements":{"total":20,"covered":20,"skipped":0,"pct":100},"branches":{"total":13,"covered":13,"skipped":0,"pct":100}}
,"C:\\nextapp\\backend\\src\\modules\\user\\src\\domain\\models\\user.ts": {"lines":{"total":12,"covered":11,"skipped":0,"pct":91.66},"functions":{"total":2,"covered":2,"skipped":0,"pct":100},"statements":{"total":12,"covered":11,"skipped":0,"pct":91.66},"branches":{"total":7,"covered":6,"skipped":0,"pct":85.71}}
,"C:\\nextapp\\backend\\src\\modules\\user\\src\\domain\\services\\auth.ts": {"lines":{"total":21,"covered":20,"skipped":0,"pct":95.23},"functions":{"total":3,"covered":3,"skipped":0,"pct":100},"statements":{"total":21,"covered":20,"skipped":0,"pct":95.23},"branches":{"total":2,"covered":2,"skipped":0,"pct":100}}
,"C:\\nextapp\\backend\\src\\modules\\user\\src\\domain\\services\\index.ts": {"lines":{"total":7,"covered":7,"skipped":0,"pct":100},"functions":{"total":1,"covered":1,"skipped":0,"pct":100},"statements":{"total":7,"covered":7,"skipped":0,"pct":100},"branches":{"total":0,"covered":0,"skipped":0,"pct":100}}
,"C:\\nextapp\\backend\\src\\modules\\user\\src\\domain\\services\\user.ts": {"lines":{"total":54,"covered":51,"skipped":0,"pct":94.44},"functions":{"total":8,"covered":8,"skipped":0,"pct":100},"statements":{"total":54,"covered":51,"skipped":0,"pct":94.44},"branches":{"total":18,"covered":13,"skipped":0,"pct":72.22}}
,"C:\\nextapp\\backend\\src\\modules\\user\\src\\infrastructure\\index.ts": {"lines":{"total":6,"covered":6,"skipped":0,"pct":100},"functions":{"total":1,"covered":1,"skipped":0,"pct":100},"statements":{"total":6,"covered":6,"skipped":0,"pct":100},"branches":{"total":0,"covered":0,"skipped":0,"pct":100}}
,"C:\\nextapp\\backend\\src\\modules\\user\\src\\infrastructure\\broker\\emitter.ts": {"lines":{"total":5,"covered":5,"skipped":0,"pct":100},"functions":{"total":4,"covered":4,"skipped":0,"pct":100},"statements":{"total":5,"covered":5,"skipped":0,"pct":100},"branches":{"total":0,"covered":0,"skipped":0,"pct":100}}
,"C:\\nextapp\\backend\\src\\modules\\user\\src\\infrastructure\\repository\\user.ts": {"lines":{"total":95,"covered":84,"skipped":0,"pct":88.42},"functions":{"total":22,"covered":22,"skipped":0,"pct":100},"statements":{"total":96,"covered":85,"skipped":0,"pct":88.54},"branches":{"total":11,"covered":9,"skipped":0,"pct":81.81}}
,"C:\\nextapp\\backend\\src\\modules\\user\\tests\\integration\\init_app.ts": {"lines":{"total":15,"covered":15,"skipped":0,"pct":100},"functions":{"total":2,"covered":2,"skipped":0,"pct":100},"statements":{"total":15,"covered":15,"skipped":0,"pct":100},"branches":{"total":0,"covered":0,"skipped":0,"pct":100}}
,"C:\\nextapp\\backend\\src\\modules\\user\\tests\\integration\\init_db.ts": {"lines":{"total":37,"covered":33,"skipped":0,"pct":89.18},"functions":{"total":8,"covered":8,"skipped":0,"pct":100},"statements":{"total":37,"covered":33,"skipped":0,"pct":89.18},"branches":{"total":6,"covered":5,"skipped":0,"pct":83.33}}
,"C:\\nextapp\\backend\\src\\modules\\user\\tests\\integration\\util.ts": {"lines":{"total":3,"covered":3,"skipped":0,"pct":100},"functions":{"total":1,"covered":1,"skipped":0,"pct":100},"statements":{"total":3,"covered":3,"skipped":0,"pct":100},"branches":{"total":0,"covered":0,"skipped":0,"pct":100}}
}
